order_client/order_client/app/build/outputs/logs/manifest-merger-debug-report.txt
-- Merging decision tree log ---
manifest
ADDED from src\main\AndroidManifest.xml:2:1-36:12
	package
		ADDED from src\main\AndroidManifest.xml:3:7-34
		INJECTED from src\main\AndroidManifest.xml
		INJECTED from src\main\AndroidManifest.xml
	android:versionName
		ADDED from src\main\AndroidManifest.xml:5:7-32
		INJECTED from src\main\AndroidManifest.xml
		INJECTED from src\main\AndroidManifest.xml
	android:versionCode
		ADDED from src\main\AndroidManifest.xml:4:7-30
		INJECTED from src\main\AndroidManifest.xml
		INJECTED from src\main\AndroidManifest.xml
	xmlns:android
		ADDED from src\main\AndroidManifest.xml:2:11-69
application
ADDED from src\main\AndroidManifest.xml:6:5-32:16
	android:label
		ADDED from src\main\AndroidManifest.xml:6:48-80
	android:icon
		ADDED from src\main\AndroidManifest.xml:6:18-47
activity#com.lixa.activity.OrderMainActivity
ADDED from src\main\AndroidManifest.xml:7:9-13:20
	android:label
		ADDED from src\main\AndroidManifest.xml:8:19-51
	android:name
		ADDED from src\main\AndroidManifest.xml:7:19-52
intent-filter#android.intent.action.MAIN+android.intent.category.LAUNCHER
ADDED from src\main\AndroidManifest.xml:9:13-12:29
action#android.intent.action.MAIN
ADDED from src\main\AndroidManifest.xml:10:17-69
	android:name
		ADDED from src\main\AndroidManifest.xml:10:25-66
category#android.intent.category.LAUNCHER
ADDED from src\main\AndroidManifest.xml:11:17-77
	android:name
		ADDED from src\main\AndroidManifest.xml:11:27-74
activity#com.lixa.activity.UserRegister
ADDED from src\main\AndroidManifest.xml:16:3-44
	android:name
		ADDED from src\main\AndroidManifest.xml:16:13-41
activity#com.lixa.activity.OrderMainMenu
ADDED from src\main\AndroidManifest.xml:17:3-45
	android:name
		ADDED from src\main\AndroidManifest.xml:17:13-42
activity#com.lixa.activity.OrderWeather
ADDED from src\main\AndroidManifest.xml:18:3-44
	android:name
		ADDED from src\main\AndroidManifest.xml:18:13-41
activity#com.lixa.activity.OrderUpdateActivity
ADDED from src\main\AndroidManifest.xml:19:3-51
	android:name
		ADDED from src\main\AndroidManifest.xml:19:13-48
activity#com.lixa.activity.OrderCollectActivity
ADDED from src\main\AndroidManifest.xml:20:3-52
	android:name
		ADDED from src\main\AndroidManifest.xml:20:13-49
activity#com.lixa.activity.OrderListActivity
ADDED from src\main\AndroidManifest.xml:21:3-49
	android:name
		ADDED from src\main\AndroidManifest.xml:21:13-46
activity#com.lixa.activity.OrderDetailActivity
ADDED from src\main\AndroidManifest.xml:22:3-51
	android:name
		ADDED from src\main\AndroidManifest.xml:22:13-48
activity#com.lixa.activity.OrderSettingActivity
ADDED from src\main\AndroidManifest.xml:23:3-52
	android:name
		ADDED from src\main\AndroidManifest.xml:23:13-49
activity#com.lixa.activity.InforModifyActivity
ADDED from src\main\AndroidManifest.xml:24:3-51
	android:name
		ADDED from src\main\AndroidManifest.xml:24:13-48
activity#com.lixa.activity.OrderCalendarActivity
ADDED from src\main\AndroidManifest.xml:25:3-53
	android:name
		ADDED from src\main\AndroidManifest.xml:25:13-50
activity#com.lixa.activity.OrderNoteActivity
ADDED from src\main\AndroidManifest.xml:26:3-49
	android:name
		ADDED from src\main\AndroidManifest.xml:26:13-46
activity#com.lixa.activity.OrderAmusementActivity
ADDED from src\main\AndroidManifest.xml:27:3-54
	android:name
		ADDED from src\main\AndroidManifest.xml:27:13-51
activity#com.lixa.activity.OrderWeatherXmlActivity
ADDED from src\main\AndroidManifest.xml:28:3-54
	android:name
		ADDED from src\main\AndroidManifest.xml:28:13-52
activity#com.lixa.activity.CityActivity
ADDED from src\main\AndroidManifest.xml:29:3-43
	android:name
		ADDED from src\main\AndroidManifest.xml:29:13-41
activity#com.lixa.activity.WeatherActivity
ADDED from src\main\AndroidManifest.xml:30:3-46
	android:name
		ADDED from src\main\AndroidManifest.xml:30:13-44
uses-sdk
ADDED from src\main\AndroidManifest.xml:33:5-43
	android:targetSdkVersion
		INJECTED from src\main\AndroidManifest.xml
		INJECTED from src\main\AndroidManifest.xml
	android:minSdkVersion
		ADDED from src\main\AndroidManifest.xml:33:15-40
		INJECTED from src\main\AndroidManifest.xml
		INJECTED from src\main\AndroidManifest.xml
uses-permission#android.permission.INTERNET
ADDED from src\main\AndroidManifest.xml:34:5-67
	android:name
		ADDED from src\main\AndroidManifest.xml:34:22-64